{"C:\\Data\\Code\\Express\\ECommerce-ExpressJs-Solution-main\\Express\\app.js": {"path":"C:\\Data\\Code\\Express\\ECommerce-ExpressJs-Solution-main\\Express\\app.js","statementMap":{"0":{"start":{"line":1,"column":18},"end":{"line":1,"column":40}},"1":{"start":{"line":2,"column":14},"end":{"line":2,"column":32}},"2":{"start":{"line":3,"column":11},"end":{"line":3,"column":26}},"3":{"start":{"line":4,"column":19},"end":{"line":4,"column":43}},"4":{"start":{"line":5,"column":13},"end":{"line":5,"column":30}},"5":{"start":{"line":6,"column":11},"end":{"line":6,"column":26}},"6":{"start":{"line":7,"column":21},"end":{"line":7,"column":57}},"7":{"start":{"line":9,"column":20},"end":{"line":9,"column":51}},"8":{"start":{"line":10,"column":10},"end":{"line":10,"column":19}},"9":{"start":{"line":12,"column":0},"end":{"line":12,"column":23}},"10":{"start":{"line":13,"column":0},"end":{"line":13,"column":24}},"11":{"start":{"line":14,"column":0},"end":{"line":14,"column":49}},"12":{"start":{"line":15,"column":0},"end":{"line":15,"column":24}},"13":{"start":{"line":16,"column":0},"end":{"line":16,"column":56}},"14":{"start":{"line":17,"column":0},"end":{"line":17,"column":16}},"15":{"start":{"line":20,"column":0},"end":{"line":20,"column":29}},"16":{"start":{"line":23,"column":0},"end":{"line":23,"column":22}},"17":{"start":{"line":25,"column":0},"end":{"line":25,"column":21}}},"fnMap":{},"branchMap":{},"s":{"0":3,"1":3,"2":3,"3":3,"4":3,"5":3,"6":3,"7":3,"8":3,"9":3,"10":3,"11":3,"12":3,"13":3,"14":3,"15":3,"16":3,"17":3},"f":{},"b":{},"_coverageSchema":"1a1c01bbd47fc00a2c39e90264f33305004495a9","hash":"eba8619a70635904c320a13a4431fc1a2ec9afbb"}
,"C:\\Data\\Code\\Express\\ECommerce-ExpressJs-Solution-main\\Express\\controllers\\hotelController.js": {"path":"C:\\Data\\Code\\Express\\ECommerce-ExpressJs-Solution-main\\Express\\controllers\\hotelController.js","statementMap":{"0":{"start":{"line":1,"column":14},"end":{"line":1,"column":40}},"1":{"start":{"line":4,"column":20},"end":{"line":29,"column":1}},"2":{"start":{"line":5,"column":4},"end":{"line":28,"column":5}},"3":{"start":{"line":6,"column":49},"end":{"line":6,"column":57}},"4":{"start":{"line":8,"column":8},"end":{"line":15,"column":9}},"5":{"start":{"line":10,"column":12},"end":{"line":12,"column":13}},"6":{"start":{"line":11,"column":16},"end":{"line":11,"column":102}},"7":{"start":{"line":14,"column":12},"end":{"line":14,"column":98}},"8":{"start":{"line":17,"column":22},"end":{"line":22,"column":10}},"9":{"start":{"line":24,"column":8},"end":{"line":24,"column":27}},"10":{"start":{"line":25,"column":8},"end":{"line":25,"column":71}},"11":{"start":{"line":27,"column":8},"end":{"line":27,"column":53}},"12":{"start":{"line":32,"column":21},"end":{"line":76,"column":1}},"13":{"start":{"line":33,"column":4},"end":{"line":75,"column":5}},"14":{"start":{"line":34,"column":71},"end":{"line":34,"column":80}},"15":{"start":{"line":37,"column":20},"end":{"line":37,"column":22}},"16":{"start":{"line":39,"column":8},"end":{"line":41,"column":9}},"17":{"start":{"line":40,"column":12},"end":{"line":40,"column":38}},"18":{"start":{"line":43,"column":8},"end":{"line":48,"column":9}},"19":{"start":{"line":44,"column":31},"end":{"line":44,"column":47}},"20":{"start":{"line":45,"column":12},"end":{"line":47,"column":13}},"21":{"start":{"line":46,"column":16},"end":{"line":46,"column":75}},"22":{"start":{"line":50,"column":8},"end":{"line":55,"column":9}},"23":{"start":{"line":51,"column":30},"end":{"line":51,"column":46}},"24":{"start":{"line":52,"column":12},"end":{"line":54,"column":13}},"25":{"start":{"line":53,"column":16},"end":{"line":53,"column":73}},"26":{"start":{"line":58,"column":26},"end":{"line":58,"column":28}},"27":{"start":{"line":59,"column":8},"end":{"line":61,"column":9}},"28":{"start":{"line":60,"column":12},"end":{"line":60,"column":34}},"29":{"start":{"line":64,"column":21},"end":{"line":64,"column":39}},"30":{"start":{"line":67,"column":23},"end":{"line":70,"column":35}},"31":{"start":{"line":72,"column":8},"end":{"line":72,"column":37}},"32":{"start":{"line":74,"column":8},"end":{"line":74,"column":53}},"33":{"start":{"line":79,"column":24},"end":{"line":107,"column":1}},"34":{"start":{"line":80,"column":4},"end":{"line":106,"column":5}},"35":{"start":{"line":81,"column":29},"end":{"line":81,"column":38}},"36":{"start":{"line":83,"column":36},"end":{"line":83,"column":38}},"37":{"start":{"line":85,"column":8},"end":{"line":87,"column":9}},"38":{"start":{"line":86,"column":12},"end":{"line":86,"column":63}},"39":{"start":{"line":90,"column":8},"end":{"line":96,"column":11}},"40":{"start":{"line":99,"column":8},"end":{"line":99,"column":65}},"41":{"start":{"line":101,"column":31},"end":{"line":101,"column":73}},"42":{"start":{"line":103,"column":8},"end":{"line":103,"column":45}},"43":{"start":{"line":105,"column":8},"end":{"line":105,"column":53}},"44":{"start":{"line":110,"column":26},"end":{"line":122,"column":1}},"45":{"start":{"line":111,"column":4},"end":{"line":121,"column":5}},"46":{"start":{"line":113,"column":22},"end":{"line":113,"column":51}},"47":{"start":{"line":116,"column":31},"end":{"line":116,"column":58}},"48":{"start":{"line":118,"column":8},"end":{"line":118,"column":45}},"49":{"start":{"line":120,"column":8},"end":{"line":120,"column":53}},"50":{"start":{"line":124,"column":0},"end":{"line":124,"column":83}}},"fnMap":{"0":{"name":"(anonymous_0)","decl":{"start":{"line":4,"column":20},"end":{"line":4,"column":21}},"loc":{"start":{"line":4,"column":40},"end":{"line":29,"column":1}},"line":4},"1":{"name":"(anonymous_1)","decl":{"start":{"line":32,"column":21},"end":{"line":32,"column":22}},"loc":{"start":{"line":32,"column":41},"end":{"line":76,"column":1}},"line":32},"2":{"name":"(anonymous_2)","decl":{"start":{"line":79,"column":24},"end":{"line":79,"column":25}},"loc":{"start":{"line":79,"column":44},"end":{"line":107,"column":1}},"line":79},"3":{"name":"(anonymous_3)","decl":{"start":{"line":110,"column":26},"end":{"line":110,"column":27}},"loc":{"start":{"line":110,"column":46},"end":{"line":122,"column":1}},"line":110}},"branchMap":{"0":{"loc":{"start":{"line":8,"column":8},"end":{"line":15,"column":9}},"type":"if","locations":[{"start":{"line":8,"column":8},"end":{"line":15,"column":9}},{"start":{"line":13,"column":15},"end":{"line":15,"column":9}}],"line":8},"1":{"loc":{"start":{"line":8,"column":12},"end":{"line":8,"column":46}},"type":"binary-expr","locations":[{"start":{"line":8,"column":12},"end":{"line":8,"column":16}},{"start":{"line":8,"column":20},"end":{"line":8,"column":28}},{"start":{"line":8,"column":32},"end":{"line":8,"column":37}},{"start":{"line":8,"column":41},"end":{"line":8,"column":46}}],"line":8},"2":{"loc":{"start":{"line":10,"column":12},"end":{"line":12,"column":13}},"type":"if","locations":[{"start":{"line":10,"column":12},"end":{"line":12,"column":13}},{"start":{},"end":{}}],"line":10},"3":{"loc":{"start":{"line":10,"column":16},"end":{"line":10,"column":80}},"type":"binary-expr","locations":[{"start":{"line":10,"column":16},"end":{"line":10,"column":34}},{"start":{"line":10,"column":38},"end":{"line":10,"column":60}},{"start":{"line":10,"column":64},"end":{"line":10,"column":70}},{"start":{"line":10,"column":74},"end":{"line":10,"column":80}}],"line":10},"4":{"loc":{"start":{"line":34,"column":46},"end":{"line":34,"column":54}},"type":"default-arg","locations":[{"start":{"line":34,"column":53},"end":{"line":34,"column":54}}],"line":34},"5":{"loc":{"start":{"line":34,"column":56},"end":{"line":34,"column":66}},"type":"default-arg","locations":[{"start":{"line":34,"column":64},"end":{"line":34,"column":66}}],"line":34},"6":{"loc":{"start":{"line":39,"column":8},"end":{"line":41,"column":9}},"type":"if","locations":[{"start":{"line":39,"column":8},"end":{"line":41,"column":9}},{"start":{},"end":{}}],"line":39},"7":{"loc":{"start":{"line":43,"column":8},"end":{"line":48,"column":9}},"type":"if","locations":[{"start":{"line":43,"column":8},"end":{"line":48,"column":9}},{"start":{},"end":{}}],"line":43},"8":{"loc":{"start":{"line":45,"column":12},"end":{"line":47,"column":13}},"type":"if","locations":[{"start":{"line":45,"column":12},"end":{"line":47,"column":13}},{"start":{},"end":{}}],"line":45},"9":{"loc":{"start":{"line":50,"column":8},"end":{"line":55,"column":9}},"type":"if","locations":[{"start":{"line":50,"column":8},"end":{"line":55,"column":9}},{"start":{},"end":{}}],"line":50},"10":{"loc":{"start":{"line":52,"column":12},"end":{"line":54,"column":13}},"type":"if","locations":[{"start":{"line":52,"column":12},"end":{"line":54,"column":13}},{"start":{},"end":{}}],"line":52},"11":{"loc":{"start":{"line":59,"column":8},"end":{"line":61,"column":9}},"type":"if","locations":[{"start":{"line":59,"column":8},"end":{"line":61,"column":9}},{"start":{},"end":{}}],"line":59},"12":{"loc":{"start":{"line":85,"column":8},"end":{"line":87,"column":9}},"type":"if","locations":[{"start":{"line":85,"column":8},"end":{"line":87,"column":9}},{"start":{},"end":{}}],"line":85},"13":{"loc":{"start":{"line":113,"column":22},"end":{"line":113,"column":51}},"type":"binary-expr","locations":[{"start":{"line":113,"column":22},"end":{"line":113,"column":37}},{"start":{"line":113,"column":41},"end":{"line":113,"column":51}}],"line":113}},"s":{"0":3,"1":3,"2":9,"3":9,"4":9,"5":6,"6":0,"7":3,"8":6,"9":6,"10":6,"11":0,"12":3,"13":2,"14":2,"15":2,"16":2,"17":2,"18":2,"19":2,"20":2,"21":2,"22":2,"23":2,"24":2,"25":2,"26":2,"27":2,"28":2,"29":2,"30":2,"31":2,"32":0,"33":3,"34":2,"35":2,"36":2,"37":2,"38":2,"39":2,"40":2,"41":2,"42":2,"43":0,"44":3,"45":2,"46":2,"47":2,"48":2,"49":0,"50":3},"f":{"0":9,"1":2,"2":2,"3":2},"b":{"0":[6,3],"1":[9,8,8,6],"2":[0,6],"3":[6,6,6,6],"4":[0],"5":[0],"6":[2,0],"7":[2,0],"8":[2,0],"9":[2,0],"10":[2,0],"11":[2,0],"12":[2,0],"13":[2,0]},"_coverageSchema":"1a1c01bbd47fc00a2c39e90264f33305004495a9","hash":"073838d4ebc62bebe69f05565c854d46ea3fae1e"}
,"C:\\Data\\Code\\Express\\ECommerce-ExpressJs-Solution-main\\Express\\middleware\\errorHandler.js": {"path":"C:\\Data\\Code\\Express\\ECommerce-ExpressJs-Solution-main\\Express\\middleware\\errorHandler.js","statementMap":{"0":{"start":{"line":1,"column":21},"end":{"line":7,"column":1}},"1":{"start":{"line":2,"column":4},"end":{"line":2,"column":29}},"2":{"start":{"line":3,"column":4},"end":{"line":6,"column":7}},"3":{"start":{"line":9,"column":0},"end":{"line":9,"column":30}}},"fnMap":{"0":{"name":"(anonymous_0)","decl":{"start":{"line":1,"column":21},"end":{"line":1,"column":22}},"loc":{"start":{"line":1,"column":46},"end":{"line":7,"column":1}},"line":1}},"branchMap":{"0":{"loc":{"start":{"line":3,"column":15},"end":{"line":3,"column":32}},"type":"binary-expr","locations":[{"start":{"line":3,"column":15},"end":{"line":3,"column":25}},{"start":{"line":3,"column":29},"end":{"line":3,"column":32}}],"line":3},"1":{"loc":{"start":{"line":4,"column":17},"end":{"line":4,"column":54}},"type":"binary-expr","locations":[{"start":{"line":4,"column":17},"end":{"line":4,"column":28}},{"start":{"line":4,"column":32},"end":{"line":4,"column":54}}],"line":4},"2":{"loc":{"start":{"line":5,"column":15},"end":{"line":5,"column":71}},"type":"cond-expr","locations":[{"start":{"line":5,"column":55},"end":{"line":5,"column":59}},{"start":{"line":5,"column":62},"end":{"line":5,"column":71}}],"line":5}},"s":{"0":3,"1":1,"2":1,"3":3},"f":{"0":1},"b":{"0":[1,0],"1":[1,0],"2":[0,1]},"_coverageSchema":"1a1c01bbd47fc00a2c39e90264f33305004495a9","hash":"60033c669fb3dc2731ec831ea3ed608b66b4df18"}
,"C:\\Data\\Code\\Express\\ECommerce-ExpressJs-Solution-main\\Express\\models\\hotel.js": {"path":"C:\\Data\\Code\\Express\\ECommerce-ExpressJs-Solution-main\\Express\\models\\hotel.js","statementMap":{"0":{"start":{"line":1,"column":17},"end":{"line":1,"column":36}},"1":{"start":{"line":3,"column":20},"end":{"line":23,"column":24}},"2":{"start":{"line":25,"column":14},"end":{"line":25,"column":50}},"3":{"start":{"line":27,"column":0},"end":{"line":27,"column":23}}},"fnMap":{},"branchMap":{},"s":{"0":4,"1":4,"2":4,"3":4},"f":{},"b":{},"_coverageSchema":"1a1c01bbd47fc00a2c39e90264f33305004495a9","hash":"8d955b32bc4dea029a0bababbf43d633e3b57910"}
,"C:\\Data\\Code\\Express\\ECommerce-ExpressJs-Solution-main\\Express\\routes\\hotelRoutes.js": {"path":"C:\\Data\\Code\\Express\\ECommerce-ExpressJs-Solution-main\\Express\\routes\\hotelRoutes.js","statementMap":{"0":{"start":{"line":1,"column":16},"end":{"line":1,"column":34}},"1":{"start":{"line":2,"column":15},"end":{"line":2,"column":31}},"2":{"start":{"line":3,"column":24},"end":{"line":3,"column":65}},"3":{"start":{"line":6,"column":0},"end":{"line":6,"column":52}},"4":{"start":{"line":9,"column":0},"end":{"line":9,"column":52}},"5":{"start":{"line":12,"column":0},"end":{"line":12,"column":65}},"6":{"start":{"line":15,"column":0},"end":{"line":15,"column":66}},"7":{"start":{"line":17,"column":0},"end":{"line":17,"column":24}}},"fnMap":{},"branchMap":{},"s":{"0":3,"1":3,"2":3,"3":3,"4":3,"5":3,"6":3,"7":3},"f":{},"b":{},"_coverageSchema":"1a1c01bbd47fc00a2c39e90264f33305004495a9","hash":"29ffdb6a63e889f64371c19b3d80b5b6b69ab009"}
}
