TN:
SF:app.js
FNF:0
FNH:0
DA:1,3
DA:2,3
DA:3,3
DA:4,3
DA:5,3
DA:6,3
DA:7,3
DA:9,3
DA:10,3
DA:12,3
DA:13,3
DA:14,3
DA:15,3
DA:16,3
DA:17,3
DA:20,3
DA:23,3
DA:25,3
LF:18
LH:18
BRF:0
BRH:0
end_of_record
TN:
SF:controllers\hotelController.js
FN:4,(anonymous_0)
FN:32,(anonymous_1)
FN:79,(anonymous_2)
FN:110,(anonymous_3)
FNF:4
FNH:4
FNDA:9,(anonymous_0)
FNDA:2,(anonymous_1)
FNDA:2,(anonymous_2)
FNDA:2,(anonymous_3)
DA:1,3
DA:4,3
DA:5,9
DA:6,9
DA:8,9
DA:10,6
DA:11,0
DA:14,3
DA:17,6
DA:24,6
DA:25,6
DA:27,0
DA:32,3
DA:33,2
DA:34,2
DA:37,2
DA:39,2
DA:40,2
DA:43,2
DA:44,2
DA:45,2
DA:46,2
DA:50,2
DA:51,2
DA:52,2
DA:53,2
DA:58,2
DA:59,2
DA:60,2
DA:64,2
DA:67,2
DA:72,2
DA:74,0
DA:79,3
DA:80,2
DA:81,2
DA:83,2
DA:85,2
DA:86,2
DA:90,2
DA:99,2
DA:101,2
DA:103,2
DA:105,0
DA:110,3
DA:111,2
DA:113,2
DA:116,2
DA:118,2
DA:120,0
DA:124,3
LF:51
LH:46
BRDA:8,0,0,6
BRDA:8,0,1,3
BRDA:8,1,0,9
BRDA:8,1,1,8
BRDA:8,1,2,8
BRDA:8,1,3,6
BRDA:10,2,0,0
BRDA:10,2,1,6
BRDA:10,3,0,6
BRDA:10,3,1,6
BRDA:10,3,2,6
BRDA:10,3,3,6
BRDA:34,4,0,0
BRDA:34,5,0,0
BRDA:39,6,0,2
BRDA:39,6,1,0
BRDA:43,7,0,2
BRDA:43,7,1,0
BRDA:45,8,0,2
BRDA:45,8,1,0
BRDA:50,9,0,2
BRDA:50,9,1,0
BRDA:52,10,0,2
BRDA:52,10,1,0
BRDA:59,11,0,2
BRDA:59,11,1,0
BRDA:85,12,0,2
BRDA:85,12,1,0
BRDA:113,13,0,2
BRDA:113,13,1,0
BRF:30
BRH:19
end_of_record
TN:
SF:middleware\errorHandler.js
FN:1,(anonymous_0)
FNF:1
FNH:1
FNDA:1,(anonymous_0)
DA:1,3
DA:2,1
DA:3,1
DA:9,3
LF:4
LH:4
BRDA:3,0,0,1
BRDA:3,0,1,0
BRDA:4,1,0,1
BRDA:4,1,1,0
BRDA:5,2,0,0
BRDA:5,2,1,1
BRF:6
BRH:3
end_of_record
TN:
SF:models\hotel.js
FNF:0
FNH:0
DA:1,4
DA:3,4
DA:25,4
DA:27,4
LF:4
LH:4
BRF:0
BRH:0
end_of_record
TN:
SF:routes\hotelRoutes.js
FNF:0
FNH:0
DA:1,3
DA:2,3
DA:3,3
DA:6,3
DA:9,3
DA:12,3
DA:15,3
DA:17,3
LF:8
LH:8
BRF:0
BRH:0
end_of_record
